 /home/jovyan/.conda/envs/aipbase/bin/python "/home/jovyan/jonglae/Retry1/2. B-BOX/base_yolo_detection.py"
Ultralytics 8.3.6 üöÄ Python-3.10.14 torch-2.5.0+cu124 CUDA:0 (NVIDIA A100 80GB PCIe MIG 2g.20gb, 19968MiB)
engine/trainer: task=detect, mode=train, model=/home/jovyan/yolo11pre/yolo11m.pt, data=/home/jovyan/Y_T_Data/Y_T_Dataset.yaml, epochs=50, time=None, patience=100, batch=16, imgsz=640, save=True, save_period=-1, cache=False, device=cuda, workers=8, project=None, name=train7, exist_ok=False, pretrained=True, optimizer=auto, verbose=True, seed=0, deterministic=True, single_cls=False, rect=False, cos_lr=False, close_mosaic=10, resume=False, amp=True, fraction=1.0, profile=False, freeze=None, multi_scale=False, overlap_mask=True, mask_ratio=4, dropout=0.0, val=False, split=val, save_json=False, save_hybrid=False, conf=None, iou=0.7, max_det=300, half=False, dnn=False, plots=True, source=None, vid_stride=1, stream_buffer=False, visualize=False, augment=False, agnostic_nms=False, classes=None, retina_masks=False, embed=None, show=False, save_frames=False, save_txt=False, save_conf=False, save_crop=False, show_labels=True, show_conf=True, show_boxes=True, line_width=None, format=torchscript, keras=False, optimize=False, int8=False, dynamic=False, simplify=True, opset=None, workspace=4, nms=False, lr0=0.001, lrf=0.01, momentum=0.937, weight_decay=0.0005, warmup_epochs=3.0, warmup_momentum=0.8, warmup_bias_lr=0.1, box=7.5, cls=0.5, dfl=1.5, pose=12.0, kobj=1.0, label_smoothing=0.0, nbs=64, hsv_h=0.015, hsv_s=0.7, hsv_v=0.4, degrees=0.0, translate=0.1, scale=0.5, shear=0.0, perspective=0.0, flipud=0.0, fliplr=0.5, bgr=0.0, mosaic=1.0, mixup=0.0, copy_paste=0.0, copy_paste_mode=flip, auto_augment=randaugment, erasing=0.4, crop_fraction=1.0, cfg=None, tracker=botsort.yaml, save_dir=runs/detect/train7
Overriding model.yaml nc=80 with nc=6

                   from  n    params  module                                       arguments                     
  0                  -1  1      1856  ultralytics.nn.modules.conv.Conv             [3, 64, 3, 2]                 
  1                  -1  1     73984  ultralytics.nn.modules.conv.Conv             [64, 128, 3, 2]               
  2                  -1  1    111872  ultralytics.nn.modules.block.C3k2            [128, 256, 1, True, 0.25]     
  3                  -1  1    590336  ultralytics.nn.modules.conv.Conv             [256, 256, 3, 2]              
  4                  -1  1    444928  ultralytics.nn.modules.block.C3k2            [256, 512, 1, True, 0.25]     
  5                  -1  1   2360320  ultralytics.nn.modules.conv.Conv             [512, 512, 3, 2]              
  6                  -1  1   1380352  ultralytics.nn.modules.block.C3k2            [512, 512, 1, True]           
  7                  -1  1   2360320  ultralytics.nn.modules.conv.Conv             [512, 512, 3, 2]              
  8                  -1  1   1380352  ultralytics.nn.modules.block.C3k2            [512, 512, 1, True]           
  9                  -1  1    656896  ultralytics.nn.modules.block.SPPF            [512, 512, 5]                 
 10                  -1  1    990976  ultralytics.nn.modules.block.C2PSA           [512, 512, 1]                 
 11                  -1  1         0  torch.nn.modules.upsampling.Upsample         [None, 2, 'nearest']          
 12             [-1, 6]  1         0  ultralytics.nn.modules.conv.Concat           [1]                           
 13                  -1  1   1642496  ultralytics.nn.modules.block.C3k2            [1024, 512, 1, True]          
 14                  -1  1         0  torch.nn.modules.upsampling.Upsample         [None, 2, 'nearest']          
 15             [-1, 4]  1         0  ultralytics.nn.modules.conv.Concat           [1]                           
 16                  -1  1    542720  ultralytics.nn.modules.block.C3k2            [1024, 256, 1, True]          
 17                  -1  1    590336  ultralytics.nn.modules.conv.Conv             [256, 256, 3, 2]              
 18            [-1, 13]  1         0  ultralytics.nn.modules.conv.Concat           [1]                           
 19                  -1  1   1511424  ultralytics.nn.modules.block.C3k2            [768, 512, 1, True]           
 20                  -1  1   2360320  ultralytics.nn.modules.conv.Conv             [512, 512, 3, 2]              
 21            [-1, 10]  1         0  ultralytics.nn.modules.conv.Concat           [1]                           
 22                  -1  1   1642496  ultralytics.nn.modules.block.C3k2            [1024, 512, 1, True]          
 23        [16, 19, 22]  1   1415650  ultralytics.nn.modules.head.Detect           [6, [256, 512, 512]]          
YOLO11m summary: 409 layers, 20,057,634 parameters, 20,057,618 gradients, 68.2 GFLOPs

Transferred 643/649 items from pretrained weights
TensorBoard: Start with 'tensorboard --logdir runs/detect/train7', view at http://localhost:6006/
Freezing layer 'model.23.dfl.conv.weight'
AMP: running Automatic Mixed Precision (AMP) checks with YOLO11n...
Downloading https://github.com/ultralytics/assets/releases/download/v8.3.0/yolo11n.pt to 'yolo11n.pt'...
‚ö†Ô∏è Download failure, retrying 1/3 https://github.com/ultralytics/assets/releases/download/v8.3.0/yolo11n.pt...
curl: (35) OpenSSL SSL_connect: Connection reset by peer in connection to github.com:443                                                                                                                

‚ö†Ô∏è Download failure, retrying 2/3 https://github.com/ultralytics/assets/releases/download/v8.3.0/yolo11n.pt...
curl: (35) OpenSSL SSL_connect: Connection reset by peer in connection to github.com:443                                                                                                                

‚ö†Ô∏è Download failure, retrying 3/3 https://github.com/ultralytics/assets/releases/download/v8.3.0/yolo11n.pt...
curl: (35) OpenSSL SSL_connect: Connection reset by peer in connection to github.com:443     #              #               #                                                                           

AMP: checks skipped ‚ö†Ô∏è, offline and unable to download YOLO11n. Setting 'amp=True'. If you experience zero-mAP or NaN losses you can disable AMP with amp=False.
train: Scanning /home/jovyan/Y_T_Data/augmented_images.cache... 0 images, 25992 backgrounds, 0 corrupt: 100%|‚ñà‚ñà‚ñà‚ñà‚ñà‚ñà‚ñà‚ñà‚ñà‚ñà| 25992/25992 [00:00<?, ?it/s]
WARNING ‚ö†Ô∏è No labels found in /home/jovyan/Y_T_Data/augmented_images.cache, training may not work correctly. See https://docs.ultralytics.com/datasets for dataset formatting guidance.
/home/jovyan/.conda/envs/aipbase/lib/python3.10/site-packages/albumentations/check_version.py:49: UserWarning: Error fetching version info <urlopen error _ssl.c:990: The handshake operation timed out>
  data = fetch_version_info()
albumentations: Blur(p=0.01, blur_limit=(3, 7)), MedianBlur(p=0.01, blur_limit=(3, 7)), ToGray(p=0.01, num_output_channels=3, method='weighted_average'), CLAHE(p=0.01, clip_limit=(1, 4.0), tile_grid_size=(8, 8))
Traceback (most recent call last):
  File "/home/jovyan/.conda/envs/aipbase/lib/python3.10/site-packages/ultralytics/data/base.py", line 125, in get_img_files
    assert im_files, f"{self.prefix}No images found in {img_path}. {FORMATS_HELP_MSG}"
AssertionError: val: No images found in /home/jovyan/Y_T_Data/val. Supported formats are:
images: {'webp', 'pfm', 'tiff', 'jpg', 'mpo', 'bmp', 'jpeg', 'png', 'tif', 'dng'}
videos: {'mkv', 'webm', 'gif', 'mov', 'mpg', 'mp4', 'avi', 'asf', 'mpeg', 'm4v', 'ts', 'wmv'}

The above exception was the direct cause of the following exception:

Traceback (most recent call last):
  File "/home/jovyan/jonglae/Retry1/2. B-BOX/base_yolo_detection.py", line 16, in <module>
    model.train(data=train_data, epochs=50, imgsz=640, batch=16, lr0=0.001, device='cuda', val=False)
  File "/home/jovyan/.conda/envs/aipbase/lib/python3.10/site-packages/ultralytics/engine/model.py", line 802, in train
    self.trainer.train()
  File "/home/jovyan/.conda/envs/aipbase/lib/python3.10/site-packages/ultralytics/engine/trainer.py", line 207, in train
    self._do_train(world_size)
  File "/home/jovyan/.conda/envs/aipbase/lib/python3.10/site-packages/ultralytics/engine/trainer.py", line 327, in _do_train
    self._setup_train(world_size)
  File "/home/jovyan/.conda/envs/aipbase/lib/python3.10/site-packages/ultralytics/engine/trainer.py", line 294, in _setup_train
    self.test_loader = self.get_dataloader(
  File "/home/jovyan/.conda/envs/aipbase/lib/python3.10/site-packages/ultralytics/models/yolo/detect/train.py", line 49, in get_dataloader
    dataset = self.build_dataset(dataset_path, mode, batch_size)
  File "/home/jovyan/.conda/envs/aipbase/lib/python3.10/site-packages/ultralytics/models/yolo/detect/train.py", line 43, in build_dataset
    return build_yolo_dataset(self.args, img_path, batch, self.data, mode=mode, rect=mode == "val", stride=gs)
  File "/home/jovyan/.conda/envs/aipbase/lib/python3.10/site-packages/ultralytics/data/build.py", line 87, in build_yolo_dataset
    return dataset(
  File "/home/jovyan/.conda/envs/aipbase/lib/python3.10/site-packages/ultralytics/data/dataset.py", line 65, in __init__
    super().__init__(*args, **kwargs)
  File "/home/jovyan/.conda/envs/aipbase/lib/python3.10/site-packages/ultralytics/data/base.py", line 73, in __init__
    self.im_files = self.get_img_files(self.img_path)
  File "/home/jovyan/.conda/envs/aipbase/lib/python3.10/site-packages/ultralytics/data/base.py", line 127, in get_img_files
    raise FileNotFoundError(f"{self.prefix}Error loading data from {img_path}\n{HELP_URL}") from e
FileNotFoundError: val: Error loading data from /home/jovyan/Y_T_Data/val
See https://docs.ultralytics.com/datasets for dataset formatting guidance.
